debug: Mon, 05 May 2025 20:22:50 GMT
debug: Project: /Users/ADMIN/Desktop/CatGunner_Github/CatGunner_Cocos
debug: Targets: editor,preview
debug: Packer deriver version file lost or format incorrect: Error: ENOENT: no such file or directory, open '/Users/ADMIN/Desktop/CatGunner_Github/CatGunner_Cocos/temp/programming/packer-driver/VERSION'
debug: Clearing out the targets...
debug: Engine path: /Applications/Cocos/Creator/3.7.4/CocosCreator.app/Contents/Resources/resources/3d/engine
debug: Initializing target [Editor]
debug: Loading cache
debug: Record file loaded failed with error: Error: ENOENT: no such file or directory, open '/Users/ADMIN/Desktop/CatGunner_Github/CatGunner_Cocos/temp/programming/packer-driver/targets/editor/main-record.json'
debug: Loading cache costs 0.14458299987018108ms.
debug: Engine features shipped in editor: base,gfx-webgl,gfx-webgl2,gfx-empty,3d,animation,skeletal-animation,2d,ui,particle,particle-2d,physics-framework,physics-2d-framework,intersection-2d,primitive,profiler,occlusion-query,geometry-renderer,debug-renderer,audio,video,xr,light-probe,terrain,webview,tween,tiled-map,spine,dragon-bones,marionette,custom-pipeline,websocket,websocket-server
debug: Our import map(foo:/bar): {
  "imports": {
    "cc": "cce:/internal/x/cc"
  }
}
debug: Initializing target [Preview]
debug: Loading cache
debug: Record file loaded failed with error: Error: ENOENT: no such file or directory, open '/Users/ADMIN/Desktop/CatGunner_Github/CatGunner_Cocos/temp/programming/packer-driver/targets/preview/main-record.json'
debug: Loading cache costs 0.10262500122189522ms.
debug: Our import map(foo:/bar): {
  "imports": {
    "cc": "cce:/internal/x/cc"
  }
}
debug: Sync engine features: 2d,animation,audio,base,dragon-bones,gfx-webgl,gfx-webgl2,intersection-2d,particle-2d,physics-2d-box2d,profiler,spine,tiled-map,tween,ui,video,webview
debug: Reset databases. Enumerated domains: [
  {
    "root": "db://internal/",
    "physical": "/Applications/Cocos/Creator/3.7.4/CocosCreator.app/Contents/Resources/resources/3d/engine/editor/assets"
  },
  {
    "root": "db://assets/",
    "physical": "/Users/ADMIN/Desktop/CatGunner_Github/CatGunner_Cocos/assets"
  }
]
debug: Our import map(foo:/bar): {
  "imports": {
    "cc": "cce:/internal/x/cc",
    "db://internal/": "file:///Applications/Cocos/Creator/3.7.4/CocosCreator.app/Contents/Resources/resources/3d/engine/editor/assets/",
    "db://assets/": "file:///Users/ADMIN/Desktop/CatGunner_Github/CatGunner_Cocos/assets/"
  }
}
debug: Our import map(foo:/bar): {
  "imports": {
    "cc": "cce:/internal/x/cc",
    "db://internal/": "file:///Applications/Cocos/Creator/3.7.4/CocosCreator.app/Contents/Resources/resources/3d/engine/editor/assets/",
    "db://assets/": "file:///Users/ADMIN/Desktop/CatGunner_Github/CatGunner_Cocos/assets/"
  }
}
debug: Pulling asset-db.
debug: Fetch asset-db cost: 5.453583000227809ms.
debug: Build iteration starts.
Number of accumulated asset changes: 23
Feature changed: false
debug: Target(editor) build started.
debug: Inspect cce:/internal/x/cc
debug: Resolve cce:/internal/x/cc-fu/base from cce:/internal/x/cc as external dependency cce:/internal/x/cc-fu/base.
debug: Resolve cce:/internal/x/cc-fu/gfx-webgl from cce:/internal/x/cc as external dependency cce:/internal/x/cc-fu/gfx-webgl.
debug: Resolve cce:/internal/x/cc-fu/gfx-webgl2 from cce:/internal/x/cc as external dependency cce:/internal/x/cc-fu/gfx-webgl2.
debug: Resolve cce:/internal/x/cc-fu/gfx-empty from cce:/internal/x/cc as external dependency cce:/internal/x/cc-fu/gfx-empty.
debug: Resolve cce:/internal/x/cc-fu/3d from cce:/internal/x/cc as external dependency cce:/internal/x/cc-fu/3d.
debug: Resolve cce:/internal/x/cc-fu/animation from cce:/internal/x/cc as external dependency cce:/internal/x/cc-fu/animation.
debug: Resolve cce:/internal/x/cc-fu/skeletal-animation from cce:/internal/x/cc as external dependency cce:/internal/x/cc-fu/skeletal-animation.
debug: Resolve cce:/internal/x/cc-fu/2d from cce:/internal/x/cc as external dependency cce:/internal/x/cc-fu/2d.
debug: Resolve cce:/internal/x/cc-fu/sorting from cce:/internal/x/cc as external dependency cce:/internal/x/cc-fu/sorting.
debug: Resolve cce:/internal/x/cc-fu/ui from cce:/internal/x/cc as external dependency cce:/internal/x/cc-fu/ui.
debug: Resolve cce:/internal/x/cc-fu/particle from cce:/internal/x/cc as external dependency cce:/internal/x/cc-fu/particle.
debug: Resolve cce:/internal/x/cc-fu/particle-2d from cce:/internal/x/cc as external dependency cce:/internal/x/cc-fu/particle-2d.
debug: Resolve cce:/internal/x/cc-fu/physics-framework from cce:/internal/x/cc as external dependency cce:/internal/x/cc-fu/physics-framework.
debug: Resolve cce:/internal/x/cc-fu/physics-2d-framework from cce:/internal/x/cc as external dependency cce:/internal/x/cc-fu/physics-2d-framework.
debug: Resolve cce:/internal/x/cc-fu/intersection-2d from cce:/internal/x/cc as external dependency cce:/internal/x/cc-fu/intersection-2d.
debug: Resolve cce:/internal/x/cc-fu/primitive from cce:/internal/x/cc as external dependency cce:/internal/x/cc-fu/primitive.
debug: Resolve cce:/internal/x/cc-fu/profiler from cce:/internal/x/cc as external dependency cce:/internal/x/cc-fu/profiler.
debug: Resolve cce:/internal/x/cc-fu/geometry-renderer from cce:/internal/x/cc as external dependency cce:/internal/x/cc-fu/geometry-renderer.
debug: Resolve cce:/internal/x/cc-fu/audio from cce:/internal/x/cc as external dependency cce:/internal/x/cc-fu/audio.
debug: Resolve cce:/internal/x/cc-fu/video from cce:/internal/x/cc as external dependency cce:/internal/x/cc-fu/video.
debug: Resolve cce:/internal/x/cc-fu/xr from cce:/internal/x/cc as external dependency cce:/internal/x/cc-fu/xr.
debug: Resolve cce:/internal/x/cc-fu/light-probe from cce:/internal/x/cc as external dependency cce:/internal/x/cc-fu/light-probe.
debug: Resolve cce:/internal/x/cc-fu/terrain from cce:/internal/x/cc as external dependency cce:/internal/x/cc-fu/terrain.
debug: Resolve cce:/internal/x/cc-fu/webview from cce:/internal/x/cc as external dependency cce:/internal/x/cc-fu/webview.
debug: Resolve cce:/internal/x/cc-fu/tween from cce:/internal/x/cc as external dependency cce:/internal/x/cc-fu/tween.
debug: Resolve cce:/internal/x/cc-fu/tiled-map from cce:/internal/x/cc as external dependency cce:/internal/x/cc-fu/tiled-map.
debug: Resolve cce:/internal/x/cc-fu/spine from cce:/internal/x/cc as external dependency cce:/internal/x/cc-fu/spine.
debug: Resolve cce:/internal/x/cc-fu/dragon-bones from cce:/internal/x/cc as external dependency cce:/internal/x/cc-fu/dragon-bones.
debug: Resolve cce:/internal/x/cc-fu/custom-pipeline from cce:/internal/x/cc as external dependency cce:/internal/x/cc-fu/custom-pipeline.
debug: Inspect cce:/internal/x/prerequisite-imports
debug: Resolve file:///Applications/Cocos/Creator/3.7.4/CocosCreator.app/Contents/Resources/resources/3d/engine/editor/assets/tools/debug-view-runtime-control.ts from cce:/internal/x/prerequisite-imports as file:///Applications/Cocos/Creator/3.7.4/CocosCreator.app/Contents/Resources/resources/3d/engine/editor/assets/tools/debug-view-runtime-control.ts.
debug: Inspect file:///Applications/Cocos/Creator/3.7.4/CocosCreator.app/Contents/Resources/resources/3d/engine/editor/assets/tools/debug-view-runtime-control.ts
debug: Resolve cc from file:///Applications/Cocos/Creator/3.7.4/CocosCreator.app/Contents/Resources/resources/3d/engine/editor/assets/tools/debug-view-runtime-control.ts as cce:/internal/x/cc.
debug: Resolve cc from file:///Applications/Cocos/Creator/3.7.4/CocosCreator.app/Contents/Resources/resources/3d/engine/editor/assets/tools/debug-view-runtime-control.ts as cce:/internal/x/cc.
debug: Resolve cc from file:///Applications/Cocos/Creator/3.7.4/CocosCreator.app/Contents/Resources/resources/3d/engine/editor/assets/tools/debug-view-runtime-control.ts as cce:/internal/x/cc.
debug: Resolve file:///Users/ADMIN/Desktop/CatGunner_Github/CatGunner_Cocos/assets/Scripts/DataGame/Constants.ts from cce:/internal/x/prerequisite-imports as file:///Users/ADMIN/Desktop/CatGunner_Github/CatGunner_Cocos/assets/Scripts/DataGame/Constants.ts.
debug: Inspect file:///Users/ADMIN/Desktop/CatGunner_Github/CatGunner_Cocos/assets/Scripts/DataGame/Constants.ts
debug: Resolve cc from file:///Users/ADMIN/Desktop/CatGunner_Github/CatGunner_Cocos/assets/Scripts/DataGame/Constants.ts as cce:/internal/x/cc.
debug: Resolve cc from file:///Users/ADMIN/Desktop/CatGunner_Github/CatGunner_Cocos/assets/Scripts/DataGame/Constants.ts as cce:/internal/x/cc.
debug: Resolve cc from file:///Users/ADMIN/Desktop/CatGunner_Github/CatGunner_Cocos/assets/Scripts/DataGame/Constants.ts as cce:/internal/x/cc.
debug: Resolve file:///Users/ADMIN/Desktop/CatGunner_Github/CatGunner_Cocos/assets/Scripts/Game/BossController.ts from cce:/internal/x/prerequisite-imports as file:///Users/ADMIN/Desktop/CatGunner_Github/CatGunner_Cocos/assets/Scripts/Game/BossController.ts.
debug: Inspect file:///Users/ADMIN/Desktop/CatGunner_Github/CatGunner_Cocos/assets/Scripts/Game/BossController.ts
debug: Resolve cc from file:///Users/ADMIN/Desktop/CatGunner_Github/CatGunner_Cocos/assets/Scripts/Game/BossController.ts as cce:/internal/x/cc.
debug: Resolve cc from file:///Users/ADMIN/Desktop/CatGunner_Github/CatGunner_Cocos/assets/Scripts/Game/BossController.ts as cce:/internal/x/cc.
debug: Resolve cc from file:///Users/ADMIN/Desktop/CatGunner_Github/CatGunner_Cocos/assets/Scripts/Game/BossController.ts as cce:/internal/x/cc.
debug: Resolve file:///Users/ADMIN/Desktop/CatGunner_Github/CatGunner_Cocos/assets/Scripts/Game/BulletBossController.ts from cce:/internal/x/prerequisite-imports as file:///Users/ADMIN/Desktop/CatGunner_Github/CatGunner_Cocos/assets/Scripts/Game/BulletBossController.ts.
debug: Inspect file:///Users/ADMIN/Desktop/CatGunner_Github/CatGunner_Cocos/assets/Scripts/Game/BulletBossController.ts
debug: Resolve cc from file:///Users/ADMIN/Desktop/CatGunner_Github/CatGunner_Cocos/assets/Scripts/Game/BulletBossController.ts as cce:/internal/x/cc.
debug: Resolve cc from file:///Users/ADMIN/Desktop/CatGunner_Github/CatGunner_Cocos/assets/Scripts/Game/BulletBossController.ts as cce:/internal/x/cc.
debug: Resolve cc from file:///Users/ADMIN/Desktop/CatGunner_Github/CatGunner_Cocos/assets/Scripts/Game/BulletBossController.ts as cce:/internal/x/cc.
debug: Resolve file:///Users/ADMIN/Desktop/CatGunner_Github/CatGunner_Cocos/assets/Scripts/Game/BulletController.ts from cce:/internal/x/prerequisite-imports as file:///Users/ADMIN/Desktop/CatGunner_Github/CatGunner_Cocos/assets/Scripts/Game/BulletController.ts.
debug: Inspect file:///Users/ADMIN/Desktop/CatGunner_Github/CatGunner_Cocos/assets/Scripts/Game/BulletController.ts
debug: Resolve cc from file:///Users/ADMIN/Desktop/CatGunner_Github/CatGunner_Cocos/assets/Scripts/Game/BulletController.ts as cce:/internal/x/cc.
debug: Resolve cc from file:///Users/ADMIN/Desktop/CatGunner_Github/CatGunner_Cocos/assets/Scripts/Game/BulletController.ts as cce:/internal/x/cc.
debug: Resolve cc from file:///Users/ADMIN/Desktop/CatGunner_Github/CatGunner_Cocos/assets/Scripts/Game/BulletController.ts as cce:/internal/x/cc.
debug: Resolve file:///Users/ADMIN/Desktop/CatGunner_Github/CatGunner_Cocos/assets/Scripts/Game/BulletEnemyController.ts from cce:/internal/x/prerequisite-imports as file:///Users/ADMIN/Desktop/CatGunner_Github/CatGunner_Cocos/assets/Scripts/Game/BulletEnemyController.ts.
debug: Inspect file:///Users/ADMIN/Desktop/CatGunner_Github/CatGunner_Cocos/assets/Scripts/Game/BulletEnemyController.ts
debug: Resolve cc from file:///Users/ADMIN/Desktop/CatGunner_Github/CatGunner_Cocos/assets/Scripts/Game/BulletEnemyController.ts as cce:/internal/x/cc.
debug: Resolve cc from file:///Users/ADMIN/Desktop/CatGunner_Github/CatGunner_Cocos/assets/Scripts/Game/BulletEnemyController.ts as cce:/internal/x/cc.
debug: Resolve cc from file:///Users/ADMIN/Desktop/CatGunner_Github/CatGunner_Cocos/assets/Scripts/Game/BulletEnemyController.ts as cce:/internal/x/cc.
debug: Resolve file:///Users/ADMIN/Desktop/CatGunner_Github/CatGunner_Cocos/assets/Scripts/Game/EnemyController.ts from cce:/internal/x/prerequisite-imports as file:///Users/ADMIN/Desktop/CatGunner_Github/CatGunner_Cocos/assets/Scripts/Game/EnemyController.ts.
debug: Inspect file:///Users/ADMIN/Desktop/CatGunner_Github/CatGunner_Cocos/assets/Scripts/Game/EnemyController.ts
debug: Resolve cc from file:///Users/ADMIN/Desktop/CatGunner_Github/CatGunner_Cocos/assets/Scripts/Game/EnemyController.ts as cce:/internal/x/cc.
debug: Resolve cc from file:///Users/ADMIN/Desktop/CatGunner_Github/CatGunner_Cocos/assets/Scripts/Game/EnemyController.ts as cce:/internal/x/cc.
debug: Resolve cc from file:///Users/ADMIN/Desktop/CatGunner_Github/CatGunner_Cocos/assets/Scripts/Game/EnemyController.ts as cce:/internal/x/cc.
debug: Resolve file:///Users/ADMIN/Desktop/CatGunner_Github/CatGunner_Cocos/assets/Scripts/Game/GameController.ts from cce:/internal/x/prerequisite-imports as file:///Users/ADMIN/Desktop/CatGunner_Github/CatGunner_Cocos/assets/Scripts/Game/GameController.ts.
debug: Inspect file:///Users/ADMIN/Desktop/CatGunner_Github/CatGunner_Cocos/assets/Scripts/Game/GameController.ts
debug: Resolve cce:/internal/code-quality/cr.mjs from file:///Users/ADMIN/Desktop/CatGunner_Github/CatGunner_Cocos/assets/Scripts/Game/GameController.ts as cce:/internal/code-quality/cr.mjs.
debug: Inspect cce:/internal/code-quality/cr.mjs
debug: Resolve cc from file:///Users/ADMIN/Desktop/CatGunner_Github/CatGunner_Cocos/assets/Scripts/Game/GameController.ts as cce:/internal/x/cc.
debug: Resolve cc from file:///Users/ADMIN/Desktop/CatGunner_Github/CatGunner_Cocos/assets/Scripts/Game/GameController.ts as cce:/internal/x/cc.
debug: Resolve cc from file:///Users/ADMIN/Desktop/CatGunner_Github/CatGunner_Cocos/assets/Scripts/Game/GameController.ts as cce:/internal/x/cc.
debug: Resolve ./GameModel from file:///Users/ADMIN/Desktop/CatGunner_Github/CatGunner_Cocos/assets/Scripts/Game/GameController.ts as file:///Users/ADMIN/Desktop/CatGunner_Github/CatGunner_Cocos/assets/Scripts/Game/GameModel.ts.
debug: Inspect file:///Users/ADMIN/Desktop/CatGunner_Github/CatGunner_Cocos/assets/Scripts/Game/GameModel.ts
debug: Resolve cc from file:///Users/ADMIN/Desktop/CatGunner_Github/CatGunner_Cocos/assets/Scripts/Game/GameModel.ts as cce:/internal/x/cc.
debug: Resolve cc from file:///Users/ADMIN/Desktop/CatGunner_Github/CatGunner_Cocos/assets/Scripts/Game/GameModel.ts as cce:/internal/x/cc.
debug: Resolve cc from file:///Users/ADMIN/Desktop/CatGunner_Github/CatGunner_Cocos/assets/Scripts/Game/GameModel.ts as cce:/internal/x/cc.
debug: Resolve ./GameView from file:///Users/ADMIN/Desktop/CatGunner_Github/CatGunner_Cocos/assets/Scripts/Game/GameController.ts as file:///Users/ADMIN/Desktop/CatGunner_Github/CatGunner_Cocos/assets/Scripts/Game/GameView.ts.
debug: Inspect file:///Users/ADMIN/Desktop/CatGunner_Github/CatGunner_Cocos/assets/Scripts/Game/GameView.ts
debug: Resolve cc from file:///Users/ADMIN/Desktop/CatGunner_Github/CatGunner_Cocos/assets/Scripts/Game/GameView.ts as cce:/internal/x/cc.
debug: Resolve cc from file:///Users/ADMIN/Desktop/CatGunner_Github/CatGunner_Cocos/assets/Scripts/Game/GameView.ts as cce:/internal/x/cc.
debug: Resolve cc from file:///Users/ADMIN/Desktop/CatGunner_Github/CatGunner_Cocos/assets/Scripts/Game/GameView.ts as cce:/internal/x/cc.
debug: Resolve ./PoolObject from file:///Users/ADMIN/Desktop/CatGunner_Github/CatGunner_Cocos/assets/Scripts/Game/GameController.ts as file:///Users/ADMIN/Desktop/CatGunner_Github/CatGunner_Cocos/assets/Scripts/Game/PoolObject.ts.
debug: Inspect file:///Users/ADMIN/Desktop/CatGunner_Github/CatGunner_Cocos/assets/Scripts/Game/PoolObject.ts
debug: Resolve cc from file:///Users/ADMIN/Desktop/CatGunner_Github/CatGunner_Cocos/assets/Scripts/Game/PoolObject.ts as cce:/internal/x/cc.
debug: Resolve cc from file:///Users/ADMIN/Desktop/CatGunner_Github/CatGunner_Cocos/assets/Scripts/Game/PoolObject.ts as cce:/internal/x/cc.
debug: Resolve cc from file:///Users/ADMIN/Desktop/CatGunner_Github/CatGunner_Cocos/assets/Scripts/Game/PoolObject.ts as cce:/internal/x/cc.
debug: Resolve ../DataGame/Constants from file:///Users/ADMIN/Desktop/CatGunner_Github/CatGunner_Cocos/assets/Scripts/Game/GameController.ts as file:///Users/ADMIN/Desktop/CatGunner_Github/CatGunner_Cocos/assets/Scripts/DataGame/Constants.ts.
debug: Resolve ./EnemyController from file:///Users/ADMIN/Desktop/CatGunner_Github/CatGunner_Cocos/assets/Scripts/Game/GameController.ts as file:///Users/ADMIN/Desktop/CatGunner_Github/CatGunner_Cocos/assets/Scripts/Game/EnemyController.ts.
debug: Resolve ./BulletController from file:///Users/ADMIN/Desktop/CatGunner_Github/CatGunner_Cocos/assets/Scripts/Game/GameController.ts as file:///Users/ADMIN/Desktop/CatGunner_Github/CatGunner_Cocos/assets/Scripts/Game/BulletController.ts.
debug: Resolve ./PlayerController from file:///Users/ADMIN/Desktop/CatGunner_Github/CatGunner_Cocos/assets/Scripts/Game/GameController.ts as file:///Users/ADMIN/Desktop/CatGunner_Github/CatGunner_Cocos/assets/Scripts/Game/PlayerController.ts.
debug: Inspect file:///Users/ADMIN/Desktop/CatGunner_Github/CatGunner_Cocos/assets/Scripts/Game/PlayerController.ts
debug: Resolve cc from file:///Users/ADMIN/Desktop/CatGunner_Github/CatGunner_Cocos/assets/Scripts/Game/PlayerController.ts as cce:/internal/x/cc.
debug: Resolve cc from file:///Users/ADMIN/Desktop/CatGunner_Github/CatGunner_Cocos/assets/Scripts/Game/PlayerController.ts as cce:/internal/x/cc.
debug: Resolve cc from file:///Users/ADMIN/Desktop/CatGunner_Github/CatGunner_Cocos/assets/Scripts/Game/PlayerController.ts as cce:/internal/x/cc.
debug: Resolve ../Loading/LoadingController from file:///Users/ADMIN/Desktop/CatGunner_Github/CatGunner_Cocos/assets/Scripts/Game/GameController.ts as file:///Users/ADMIN/Desktop/CatGunner_Github/CatGunner_Cocos/assets/Scripts/Loading/LoadingController.ts.
debug: Inspect file:///Users/ADMIN/Desktop/CatGunner_Github/CatGunner_Cocos/assets/Scripts/Loading/LoadingController.ts
debug: Resolve cce:/internal/code-quality/cr.mjs from file:///Users/ADMIN/Desktop/CatGunner_Github/CatGunner_Cocos/assets/Scripts/Loading/LoadingController.ts as cce:/internal/code-quality/cr.mjs.
debug: Resolve cc from file:///Users/ADMIN/Desktop/CatGunner_Github/CatGunner_Cocos/assets/Scripts/Loading/LoadingController.ts as cce:/internal/x/cc.
debug: Resolve cc from file:///Users/ADMIN/Desktop/CatGunner_Github/CatGunner_Cocos/assets/Scripts/Loading/LoadingController.ts as cce:/internal/x/cc.
debug: Resolve cc from file:///Users/ADMIN/Desktop/CatGunner_Github/CatGunner_Cocos/assets/Scripts/Loading/LoadingController.ts as cce:/internal/x/cc.
debug: Resolve ../DataGame/Constants from file:///Users/ADMIN/Desktop/CatGunner_Github/CatGunner_Cocos/assets/Scripts/Loading/LoadingController.ts as file:///Users/ADMIN/Desktop/CatGunner_Github/CatGunner_Cocos/assets/Scripts/DataGame/Constants.ts.
debug: Resolve ./BulletEnemyController from file:///Users/ADMIN/Desktop/CatGunner_Github/CatGunner_Cocos/assets/Scripts/Game/GameController.ts as file:///Users/ADMIN/Desktop/CatGunner_Github/CatGunner_Cocos/assets/Scripts/Game/BulletEnemyController.ts.
debug: Resolve ./BossController from file:///Users/ADMIN/Desktop/CatGunner_Github/CatGunner_Cocos/assets/Scripts/Game/GameController.ts as file:///Users/ADMIN/Desktop/CatGunner_Github/CatGunner_Cocos/assets/Scripts/Game/BossController.ts.
debug: Resolve ./BulletBossController from file:///Users/ADMIN/Desktop/CatGunner_Github/CatGunner_Cocos/assets/Scripts/Game/GameController.ts as file:///Users/ADMIN/Desktop/CatGunner_Github/CatGunner_Cocos/assets/Scripts/Game/BulletBossController.ts.
debug: Resolve ./HostageController from file:///Users/ADMIN/Desktop/CatGunner_Github/CatGunner_Cocos/assets/Scripts/Game/GameController.ts as file:///Users/ADMIN/Desktop/CatGunner_Github/CatGunner_Cocos/assets/Scripts/Game/HostageController.ts.
debug: Inspect file:///Users/ADMIN/Desktop/CatGunner_Github/CatGunner_Cocos/assets/Scripts/Game/HostageController.ts
debug: Resolve cc from file:///Users/ADMIN/Desktop/CatGunner_Github/CatGunner_Cocos/assets/Scripts/Game/HostageController.ts as cce:/internal/x/cc.
debug: Resolve cc from file:///Users/ADMIN/Desktop/CatGunner_Github/CatGunner_Cocos/assets/Scripts/Game/HostageController.ts as cce:/internal/x/cc.
debug: Resolve cc from file:///Users/ADMIN/Desktop/CatGunner_Github/CatGunner_Cocos/assets/Scripts/Game/HostageController.ts as cce:/internal/x/cc.
debug: Resolve ../GameCenter/StoreAPI from file:///Users/ADMIN/Desktop/CatGunner_Github/CatGunner_Cocos/assets/Scripts/Game/GameController.ts as file:///Users/ADMIN/Desktop/CatGunner_Github/CatGunner_Cocos/assets/Scripts/GameCenter/StoreAPI.ts.
debug: Inspect file:///Users/ADMIN/Desktop/CatGunner_Github/CatGunner_Cocos/assets/Scripts/GameCenter/StoreAPI.ts
debug: Resolve cc from file:///Users/ADMIN/Desktop/CatGunner_Github/CatGunner_Cocos/assets/Scripts/GameCenter/StoreAPI.ts as cce:/internal/x/cc.
debug: Resolve cc from file:///Users/ADMIN/Desktop/CatGunner_Github/CatGunner_Cocos/assets/Scripts/GameCenter/StoreAPI.ts as cce:/internal/x/cc.
debug: Resolve cc from file:///Users/ADMIN/Desktop/CatGunner_Github/CatGunner_Cocos/assets/Scripts/GameCenter/StoreAPI.ts as cce:/internal/x/cc.
debug: Resolve ../GameCenter/DataUser from file:///Users/ADMIN/Desktop/CatGunner_Github/CatGunner_Cocos/assets/Scripts/Game/GameController.ts as file:///Users/ADMIN/Desktop/CatGunner_Github/CatGunner_Cocos/assets/Scripts/GameCenter/DataUser.ts.
debug: Inspect file:///Users/ADMIN/Desktop/CatGunner_Github/CatGunner_Cocos/assets/Scripts/GameCenter/DataUser.ts
debug: Resolve cc from file:///Users/ADMIN/Desktop/CatGunner_Github/CatGunner_Cocos/assets/Scripts/GameCenter/DataUser.ts as cce:/internal/x/cc.
debug: Resolve cc from file:///Users/ADMIN/Desktop/CatGunner_Github/CatGunner_Cocos/assets/Scripts/GameCenter/DataUser.ts as cce:/internal/x/cc.
debug: Resolve cc from file:///Users/ADMIN/Desktop/CatGunner_Github/CatGunner_Cocos/assets/Scripts/GameCenter/DataUser.ts as cce:/internal/x/cc.
debug: Resolve ./ObstacleController from file:///Users/ADMIN/Desktop/CatGunner_Github/CatGunner_Cocos/assets/Scripts/Game/GameController.ts as file:///Users/ADMIN/Desktop/CatGunner_Github/CatGunner_Cocos/assets/Scripts/Game/ObstacleController.ts.
debug: Inspect file:///Users/ADMIN/Desktop/CatGunner_Github/CatGunner_Cocos/assets/Scripts/Game/ObstacleController.ts
debug: Resolve cc from file:///Users/ADMIN/Desktop/CatGunner_Github/CatGunner_Cocos/assets/Scripts/Game/ObstacleController.ts as cce:/internal/x/cc.
debug: Resolve cc from file:///Users/ADMIN/Desktop/CatGunner_Github/CatGunner_Cocos/assets/Scripts/Game/ObstacleController.ts as cce:/internal/x/cc.
debug: Resolve cc from file:///Users/ADMIN/Desktop/CatGunner_Github/CatGunner_Cocos/assets/Scripts/Game/ObstacleController.ts as cce:/internal/x/cc.
debug: Resolve ./SpikeController from file:///Users/ADMIN/Desktop/CatGunner_Github/CatGunner_Cocos/assets/Scripts/Game/GameController.ts as file:///Users/ADMIN/Desktop/CatGunner_Github/CatGunner_Cocos/assets/Scripts/Game/SpikeController.ts.
debug: Inspect file:///Users/ADMIN/Desktop/CatGunner_Github/CatGunner_Cocos/assets/Scripts/Game/SpikeController.ts
debug: Resolve cc from file:///Users/ADMIN/Desktop/CatGunner_Github/CatGunner_Cocos/assets/Scripts/Game/SpikeController.ts as cce:/internal/x/cc.
debug: Resolve cc from file:///Users/ADMIN/Desktop/CatGunner_Github/CatGunner_Cocos/assets/Scripts/Game/SpikeController.ts as cce:/internal/x/cc.
debug: Resolve cc from file:///Users/ADMIN/Desktop/CatGunner_Github/CatGunner_Cocos/assets/Scripts/Game/SpikeController.ts as cce:/internal/x/cc.
debug: Resolve file:///Users/ADMIN/Desktop/CatGunner_Github/CatGunner_Cocos/assets/Scripts/Game/GameModel.ts from cce:/internal/x/prerequisite-imports as file:///Users/ADMIN/Desktop/CatGunner_Github/CatGunner_Cocos/assets/Scripts/Game/GameModel.ts.
debug: Resolve file:///Users/ADMIN/Desktop/CatGunner_Github/CatGunner_Cocos/assets/Scripts/Game/GameView.ts from cce:/internal/x/prerequisite-imports as file:///Users/ADMIN/Desktop/CatGunner_Github/CatGunner_Cocos/assets/Scripts/Game/GameView.ts.
debug: Resolve file:///Users/ADMIN/Desktop/CatGunner_Github/CatGunner_Cocos/assets/Scripts/Game/HostageController.ts from cce:/internal/x/prerequisite-imports as file:///Users/ADMIN/Desktop/CatGunner_Github/CatGunner_Cocos/assets/Scripts/Game/HostageController.ts.
debug: Resolve file:///Users/ADMIN/Desktop/CatGunner_Github/CatGunner_Cocos/assets/Scripts/Game/JoystickController.ts from cce:/internal/x/prerequisite-imports as file:///Users/ADMIN/Desktop/CatGunner_Github/CatGunner_Cocos/assets/Scripts/Game/JoystickController.ts.
debug: Inspect file:///Users/ADMIN/Desktop/CatGunner_Github/CatGunner_Cocos/assets/Scripts/Game/JoystickController.ts
debug: Resolve cce:/internal/code-quality/cr.mjs from file:///Users/ADMIN/Desktop/CatGunner_Github/CatGunner_Cocos/assets/Scripts/Game/JoystickController.ts as cce:/internal/code-quality/cr.mjs.
debug: Resolve cc from file:///Users/ADMIN/Desktop/CatGunner_Github/CatGunner_Cocos/assets/Scripts/Game/JoystickController.ts as cce:/internal/x/cc.
debug: Resolve cc from file:///Users/ADMIN/Desktop/CatGunner_Github/CatGunner_Cocos/assets/Scripts/Game/JoystickController.ts as cce:/internal/x/cc.
debug: Resolve cc from file:///Users/ADMIN/Desktop/CatGunner_Github/CatGunner_Cocos/assets/Scripts/Game/JoystickController.ts as cce:/internal/x/cc.
debug: Resolve ./PlayerController from file:///Users/ADMIN/Desktop/CatGunner_Github/CatGunner_Cocos/assets/Scripts/Game/JoystickController.ts as file:///Users/ADMIN/Desktop/CatGunner_Github/CatGunner_Cocos/assets/Scripts/Game/PlayerController.ts.
debug: Resolve file:///Users/ADMIN/Desktop/CatGunner_Github/CatGunner_Cocos/assets/Scripts/Game/ObstacleController.ts from cce:/internal/x/prerequisite-imports as file:///Users/ADMIN/Desktop/CatGunner_Github/CatGunner_Cocos/assets/Scripts/Game/ObstacleController.ts.
debug: Resolve file:///Users/ADMIN/Desktop/CatGunner_Github/CatGunner_Cocos/assets/Scripts/Game/PlayerController.ts from cce:/internal/x/prerequisite-imports as file:///Users/ADMIN/Desktop/CatGunner_Github/CatGunner_Cocos/assets/Scripts/Game/PlayerController.ts.
debug: Resolve file:///Users/ADMIN/Desktop/CatGunner_Github/CatGunner_Cocos/assets/Scripts/Game/PoolObject.ts from cce:/internal/x/prerequisite-imports as file:///Users/ADMIN/Desktop/CatGunner_Github/CatGunner_Cocos/assets/Scripts/Game/PoolObject.ts.
debug: Resolve file:///Users/ADMIN/Desktop/CatGunner_Github/CatGunner_Cocos/assets/Scripts/Game/SpikeController.ts from cce:/internal/x/prerequisite-imports as file:///Users/ADMIN/Desktop/CatGunner_Github/CatGunner_Cocos/assets/Scripts/Game/SpikeController.ts.
debug: Resolve file:///Users/ADMIN/Desktop/CatGunner_Github/CatGunner_Cocos/assets/Scripts/GameCenter/DataUser.ts from cce:/internal/x/prerequisite-imports as file:///Users/ADMIN/Desktop/CatGunner_Github/CatGunner_Cocos/assets/Scripts/GameCenter/DataUser.ts.
debug: Resolve file:///Users/ADMIN/Desktop/CatGunner_Github/CatGunner_Cocos/assets/Scripts/GameCenter/StoreAPI.ts from cce:/internal/x/prerequisite-imports as file:///Users/ADMIN/Desktop/CatGunner_Github/CatGunner_Cocos/assets/Scripts/GameCenter/StoreAPI.ts.
debug: Resolve file:///Users/ADMIN/Desktop/CatGunner_Github/CatGunner_Cocos/assets/Scripts/Loading/LoadingController.ts from cce:/internal/x/prerequisite-imports as file:///Users/ADMIN/Desktop/CatGunner_Github/CatGunner_Cocos/assets/Scripts/Loading/LoadingController.ts.
debug: Resolve file:///Users/ADMIN/Desktop/CatGunner_Github/CatGunner_Cocos/assets/Scripts/Menu/MenuController.ts from cce:/internal/x/prerequisite-imports as file:///Users/ADMIN/Desktop/CatGunner_Github/CatGunner_Cocos/assets/Scripts/Menu/MenuController.ts.
debug: Inspect file:///Users/ADMIN/Desktop/CatGunner_Github/CatGunner_Cocos/assets/Scripts/Menu/MenuController.ts
debug: Resolve cce:/internal/code-quality/cr.mjs from file:///Users/ADMIN/Desktop/CatGunner_Github/CatGunner_Cocos/assets/Scripts/Menu/MenuController.ts as cce:/internal/code-quality/cr.mjs.
debug: Resolve cc from file:///Users/ADMIN/Desktop/CatGunner_Github/CatGunner_Cocos/assets/Scripts/Menu/MenuController.ts as cce:/internal/x/cc.
debug: Resolve cc from file:///Users/ADMIN/Desktop/CatGunner_Github/CatGunner_Cocos/assets/Scripts/Menu/MenuController.ts as cce:/internal/x/cc.
debug: Resolve cc from file:///Users/ADMIN/Desktop/CatGunner_Github/CatGunner_Cocos/assets/Scripts/Menu/MenuController.ts as cce:/internal/x/cc.
debug: Resolve ./MenuModel from file:///Users/ADMIN/Desktop/CatGunner_Github/CatGunner_Cocos/assets/Scripts/Menu/MenuController.ts as file:///Users/ADMIN/Desktop/CatGunner_Github/CatGunner_Cocos/assets/Scripts/Menu/MenuModel.ts.
debug: Inspect file:///Users/ADMIN/Desktop/CatGunner_Github/CatGunner_Cocos/assets/Scripts/Menu/MenuModel.ts
debug: Resolve cc from file:///Users/ADMIN/Desktop/CatGunner_Github/CatGunner_Cocos/assets/Scripts/Menu/MenuModel.ts as cce:/internal/x/cc.
debug: Resolve cc from file:///Users/ADMIN/Desktop/CatGunner_Github/CatGunner_Cocos/assets/Scripts/Menu/MenuModel.ts as cce:/internal/x/cc.
debug: Resolve cc from file:///Users/ADMIN/Desktop/CatGunner_Github/CatGunner_Cocos/assets/Scripts/Menu/MenuModel.ts as cce:/internal/x/cc.
debug: Resolve ./MenuView from file:///Users/ADMIN/Desktop/CatGunner_Github/CatGunner_Cocos/assets/Scripts/Menu/MenuController.ts as file:///Users/ADMIN/Desktop/CatGunner_Github/CatGunner_Cocos/assets/Scripts/Menu/MenuView.ts.
debug: Inspect file:///Users/ADMIN/Desktop/CatGunner_Github/CatGunner_Cocos/assets/Scripts/Menu/MenuView.ts
debug: Resolve cc from file:///Users/ADMIN/Desktop/CatGunner_Github/CatGunner_Cocos/assets/Scripts/Menu/MenuView.ts as cce:/internal/x/cc.
debug: Resolve cc from file:///Users/ADMIN/Desktop/CatGunner_Github/CatGunner_Cocos/assets/Scripts/Menu/MenuView.ts as cce:/internal/x/cc.
debug: Resolve cc from file:///Users/ADMIN/Desktop/CatGunner_Github/CatGunner_Cocos/assets/Scripts/Menu/MenuView.ts as cce:/internal/x/cc.
debug: Resolve ../DataGame/Constants from file:///Users/ADMIN/Desktop/CatGunner_Github/CatGunner_Cocos/assets/Scripts/Menu/MenuController.ts as file:///Users/ADMIN/Desktop/CatGunner_Github/CatGunner_Cocos/assets/Scripts/DataGame/Constants.ts.
debug: Resolve ../Loading/LoadingController from file:///Users/ADMIN/Desktop/CatGunner_Github/CatGunner_Cocos/assets/Scripts/Menu/MenuController.ts as file:///Users/ADMIN/Desktop/CatGunner_Github/CatGunner_Cocos/assets/Scripts/Loading/LoadingController.ts.
debug: Resolve ../GameCenter/DataUser from file:///Users/ADMIN/Desktop/CatGunner_Github/CatGunner_Cocos/assets/Scripts/Menu/MenuController.ts as file:///Users/ADMIN/Desktop/CatGunner_Github/CatGunner_Cocos/assets/Scripts/GameCenter/DataUser.ts.
debug: Resolve file:///Users/ADMIN/Desktop/CatGunner_Github/CatGunner_Cocos/assets/Scripts/Menu/MenuModel.ts from cce:/internal/x/prerequisite-imports as file:///Users/ADMIN/Desktop/CatGunner_Github/CatGunner_Cocos/assets/Scripts/Menu/MenuModel.ts.
debug: Resolve file:///Users/ADMIN/Desktop/CatGunner_Github/CatGunner_Cocos/assets/Scripts/Menu/MenuView.ts from cce:/internal/x/prerequisite-imports as file:///Users/ADMIN/Desktop/CatGunner_Github/CatGunner_Cocos/assets/Scripts/Menu/MenuView.ts.
debug: Resolve file:///Users/ADMIN/Desktop/CatGunner_Github/CatGunner_Cocos/assets/Scripts/Splash/SplashController.ts from cce:/internal/x/prerequisite-imports as file:///Users/ADMIN/Desktop/CatGunner_Github/CatGunner_Cocos/assets/Scripts/Splash/SplashController.ts.
debug: Inspect file:///Users/ADMIN/Desktop/CatGunner_Github/CatGunner_Cocos/assets/Scripts/Splash/SplashController.ts
debug: Resolve cce:/internal/code-quality/cr.mjs from file:///Users/ADMIN/Desktop/CatGunner_Github/CatGunner_Cocos/assets/Scripts/Splash/SplashController.ts as cce:/internal/code-quality/cr.mjs.
debug: Resolve cc from file:///Users/ADMIN/Desktop/CatGunner_Github/CatGunner_Cocos/assets/Scripts/Splash/SplashController.ts as cce:/internal/x/cc.
debug: Resolve cc from file:///Users/ADMIN/Desktop/CatGunner_Github/CatGunner_Cocos/assets/Scripts/Splash/SplashController.ts as cce:/internal/x/cc.
debug: Resolve cc from file:///Users/ADMIN/Desktop/CatGunner_Github/CatGunner_Cocos/assets/Scripts/Splash/SplashController.ts as cce:/internal/x/cc.
debug: Resolve ../DataGame/Constants from file:///Users/ADMIN/Desktop/CatGunner_Github/CatGunner_Cocos/assets/Scripts/Splash/SplashController.ts as file:///Users/ADMIN/Desktop/CatGunner_Github/CatGunner_Cocos/assets/Scripts/DataGame/Constants.ts.
debug: Target(editor) ends with cost 700.1973330006003ms.
debug: Target(preview) build started.
debug: Inspect cce:/internal/x/cc
debug: Resolve cce:/internal/x/cc-fu/2d from cce:/internal/x/cc as external dependency cce:/internal/x/cc-fu/2d.
debug: Resolve cce:/internal/x/cc-fu/sorting from cce:/internal/x/cc as external dependency cce:/internal/x/cc-fu/sorting.
debug: Resolve cce:/internal/x/cc-fu/animation from cce:/internal/x/cc as external dependency cce:/internal/x/cc-fu/animation.
debug: Resolve cce:/internal/x/cc-fu/audio from cce:/internal/x/cc as external dependency cce:/internal/x/cc-fu/audio.
debug: Resolve cce:/internal/x/cc-fu/base from cce:/internal/x/cc as external dependency cce:/internal/x/cc-fu/base.
debug: Resolve cce:/internal/x/cc-fu/dragon-bones from cce:/internal/x/cc as external dependency cce:/internal/x/cc-fu/dragon-bones.
debug: Resolve cce:/internal/x/cc-fu/gfx-webgl from cce:/internal/x/cc as external dependency cce:/internal/x/cc-fu/gfx-webgl.
debug: Resolve cce:/internal/x/cc-fu/gfx-webgl2 from cce:/internal/x/cc as external dependency cce:/internal/x/cc-fu/gfx-webgl2.
debug: Resolve cce:/internal/x/cc-fu/intersection-2d from cce:/internal/x/cc as external dependency cce:/internal/x/cc-fu/intersection-2d.
debug: Resolve cce:/internal/x/cc-fu/particle-2d from cce:/internal/x/cc as external dependency cce:/internal/x/cc-fu/particle-2d.
debug: Resolve cce:/internal/x/cc-fu/physics-2d-box2d from cce:/internal/x/cc as external dependency cce:/internal/x/cc-fu/physics-2d-box2d.
debug: Resolve cce:/internal/x/cc-fu/physics-2d-framework from cce:/internal/x/cc as external dependency cce:/internal/x/cc-fu/physics-2d-framework.
debug: Resolve cce:/internal/x/cc-fu/profiler from cce:/internal/x/cc as external dependency cce:/internal/x/cc-fu/profiler.
debug: Resolve cce:/internal/x/cc-fu/spine from cce:/internal/x/cc as external dependency cce:/internal/x/cc-fu/spine.
debug: Resolve cce:/internal/x/cc-fu/tiled-map from cce:/internal/x/cc as external dependency cce:/internal/x/cc-fu/tiled-map.
debug: Resolve cce:/internal/x/cc-fu/tween from cce:/internal/x/cc as external dependency cce:/internal/x/cc-fu/tween.
debug: Resolve cce:/internal/x/cc-fu/ui from cce:/internal/x/cc as external dependency cce:/internal/x/cc-fu/ui.
debug: Resolve cce:/internal/x/cc-fu/video from cce:/internal/x/cc as external dependency cce:/internal/x/cc-fu/video.
debug: Resolve cce:/internal/x/cc-fu/webview from cce:/internal/x/cc as external dependency cce:/internal/x/cc-fu/webview.
debug: Inspect cce:/internal/x/prerequisite-imports
debug: Resolve file:///Applications/Cocos/Creator/3.7.4/CocosCreator.app/Contents/Resources/resources/3d/engine/editor/assets/tools/debug-view-runtime-control.ts from cce:/internal/x/prerequisite-imports as file:///Applications/Cocos/Creator/3.7.4/CocosCreator.app/Contents/Resources/resources/3d/engine/editor/assets/tools/debug-view-runtime-control.ts.
debug: Inspect file:///Applications/Cocos/Creator/3.7.4/CocosCreator.app/Contents/Resources/resources/3d/engine/editor/assets/tools/debug-view-runtime-control.ts
debug: Resolve cc from file:///Applications/Cocos/Creator/3.7.4/CocosCreator.app/Contents/Resources/resources/3d/engine/editor/assets/tools/debug-view-runtime-control.ts as cce:/internal/x/cc.
debug: Resolve cc from file:///Applications/Cocos/Creator/3.7.4/CocosCreator.app/Contents/Resources/resources/3d/engine/editor/assets/tools/debug-view-runtime-control.ts as cce:/internal/x/cc.
debug: Resolve cc from file:///Applications/Cocos/Creator/3.7.4/CocosCreator.app/Contents/Resources/resources/3d/engine/editor/assets/tools/debug-view-runtime-control.ts as cce:/internal/x/cc.
debug: Resolve file:///Users/ADMIN/Desktop/CatGunner_Github/CatGunner_Cocos/assets/Scripts/DataGame/Constants.ts from cce:/internal/x/prerequisite-imports as file:///Users/ADMIN/Desktop/CatGunner_Github/CatGunner_Cocos/assets/Scripts/DataGame/Constants.ts.
debug: Inspect file:///Users/ADMIN/Desktop/CatGunner_Github/CatGunner_Cocos/assets/Scripts/DataGame/Constants.ts
debug: Resolve cc from file:///Users/ADMIN/Desktop/CatGunner_Github/CatGunner_Cocos/assets/Scripts/DataGame/Constants.ts as cce:/internal/x/cc.
debug: Resolve cc from file:///Users/ADMIN/Desktop/CatGunner_Github/CatGunner_Cocos/assets/Scripts/DataGame/Constants.ts as cce:/internal/x/cc.
debug: Resolve cc from file:///Users/ADMIN/Desktop/CatGunner_Github/CatGunner_Cocos/assets/Scripts/DataGame/Constants.ts as cce:/internal/x/cc.
debug: Resolve file:///Users/ADMIN/Desktop/CatGunner_Github/CatGunner_Cocos/assets/Scripts/Game/BossController.ts from cce:/internal/x/prerequisite-imports as file:///Users/ADMIN/Desktop/CatGunner_Github/CatGunner_Cocos/assets/Scripts/Game/BossController.ts.
debug: Inspect file:///Users/ADMIN/Desktop/CatGunner_Github/CatGunner_Cocos/assets/Scripts/Game/BossController.ts
debug: Resolve cc from file:///Users/ADMIN/Desktop/CatGunner_Github/CatGunner_Cocos/assets/Scripts/Game/BossController.ts as cce:/internal/x/cc.
debug: Resolve cc from file:///Users/ADMIN/Desktop/CatGunner_Github/CatGunner_Cocos/assets/Scripts/Game/BossController.ts as cce:/internal/x/cc.
debug: Resolve cc from file:///Users/ADMIN/Desktop/CatGunner_Github/CatGunner_Cocos/assets/Scripts/Game/BossController.ts as cce:/internal/x/cc.
debug: Resolve file:///Users/ADMIN/Desktop/CatGunner_Github/CatGunner_Cocos/assets/Scripts/Game/BulletBossController.ts from cce:/internal/x/prerequisite-imports as file:///Users/ADMIN/Desktop/CatGunner_Github/CatGunner_Cocos/assets/Scripts/Game/BulletBossController.ts.
debug: Inspect file:///Users/ADMIN/Desktop/CatGunner_Github/CatGunner_Cocos/assets/Scripts/Game/BulletBossController.ts
debug: Resolve cc from file:///Users/ADMIN/Desktop/CatGunner_Github/CatGunner_Cocos/assets/Scripts/Game/BulletBossController.ts as cce:/internal/x/cc.
debug: Resolve cc from file:///Users/ADMIN/Desktop/CatGunner_Github/CatGunner_Cocos/assets/Scripts/Game/BulletBossController.ts as cce:/internal/x/cc.
debug: Resolve cc from file:///Users/ADMIN/Desktop/CatGunner_Github/CatGunner_Cocos/assets/Scripts/Game/BulletBossController.ts as cce:/internal/x/cc.
debug: Resolve file:///Users/ADMIN/Desktop/CatGunner_Github/CatGunner_Cocos/assets/Scripts/Game/BulletController.ts from cce:/internal/x/prerequisite-imports as file:///Users/ADMIN/Desktop/CatGunner_Github/CatGunner_Cocos/assets/Scripts/Game/BulletController.ts.
debug: Inspect file:///Users/ADMIN/Desktop/CatGunner_Github/CatGunner_Cocos/assets/Scripts/Game/BulletController.ts
debug: Resolve cc from file:///Users/ADMIN/Desktop/CatGunner_Github/CatGunner_Cocos/assets/Scripts/Game/BulletController.ts as cce:/internal/x/cc.
debug: Resolve cc from file:///Users/ADMIN/Desktop/CatGunner_Github/CatGunner_Cocos/assets/Scripts/Game/BulletController.ts as cce:/internal/x/cc.
debug: Resolve cc from file:///Users/ADMIN/Desktop/CatGunner_Github/CatGunner_Cocos/assets/Scripts/Game/BulletController.ts as cce:/internal/x/cc.
debug: Resolve file:///Users/ADMIN/Desktop/CatGunner_Github/CatGunner_Cocos/assets/Scripts/Game/BulletEnemyController.ts from cce:/internal/x/prerequisite-imports as file:///Users/ADMIN/Desktop/CatGunner_Github/CatGunner_Cocos/assets/Scripts/Game/BulletEnemyController.ts.
debug: Inspect file:///Users/ADMIN/Desktop/CatGunner_Github/CatGunner_Cocos/assets/Scripts/Game/BulletEnemyController.ts
debug: Resolve cc from file:///Users/ADMIN/Desktop/CatGunner_Github/CatGunner_Cocos/assets/Scripts/Game/BulletEnemyController.ts as cce:/internal/x/cc.
debug: Resolve cc from file:///Users/ADMIN/Desktop/CatGunner_Github/CatGunner_Cocos/assets/Scripts/Game/BulletEnemyController.ts as cce:/internal/x/cc.
debug: Resolve cc from file:///Users/ADMIN/Desktop/CatGunner_Github/CatGunner_Cocos/assets/Scripts/Game/BulletEnemyController.ts as cce:/internal/x/cc.
debug: Resolve file:///Users/ADMIN/Desktop/CatGunner_Github/CatGunner_Cocos/assets/Scripts/Game/EnemyController.ts from cce:/internal/x/prerequisite-imports as file:///Users/ADMIN/Desktop/CatGunner_Github/CatGunner_Cocos/assets/Scripts/Game/EnemyController.ts.
debug: Inspect file:///Users/ADMIN/Desktop/CatGunner_Github/CatGunner_Cocos/assets/Scripts/Game/EnemyController.ts
debug: Resolve cc from file:///Users/ADMIN/Desktop/CatGunner_Github/CatGunner_Cocos/assets/Scripts/Game/EnemyController.ts as cce:/internal/x/cc.
debug: Resolve cc from file:///Users/ADMIN/Desktop/CatGunner_Github/CatGunner_Cocos/assets/Scripts/Game/EnemyController.ts as cce:/internal/x/cc.
debug: Resolve cc from file:///Users/ADMIN/Desktop/CatGunner_Github/CatGunner_Cocos/assets/Scripts/Game/EnemyController.ts as cce:/internal/x/cc.
debug: Resolve file:///Users/ADMIN/Desktop/CatGunner_Github/CatGunner_Cocos/assets/Scripts/Game/GameController.ts from cce:/internal/x/prerequisite-imports as file:///Users/ADMIN/Desktop/CatGunner_Github/CatGunner_Cocos/assets/Scripts/Game/GameController.ts.
debug: Inspect file:///Users/ADMIN/Desktop/CatGunner_Github/CatGunner_Cocos/assets/Scripts/Game/GameController.ts
debug: Resolve cce:/internal/code-quality/cr.mjs from file:///Users/ADMIN/Desktop/CatGunner_Github/CatGunner_Cocos/assets/Scripts/Game/GameController.ts as cce:/internal/code-quality/cr.mjs.
debug: Inspect cce:/internal/code-quality/cr.mjs
debug: Resolve cc from file:///Users/ADMIN/Desktop/CatGunner_Github/CatGunner_Cocos/assets/Scripts/Game/GameController.ts as cce:/internal/x/cc.
debug: Resolve cc from file:///Users/ADMIN/Desktop/CatGunner_Github/CatGunner_Cocos/assets/Scripts/Game/GameController.ts as cce:/internal/x/cc.
debug: Resolve cc from file:///Users/ADMIN/Desktop/CatGunner_Github/CatGunner_Cocos/assets/Scripts/Game/GameController.ts as cce:/internal/x/cc.
debug: Resolve ./GameModel from file:///Users/ADMIN/Desktop/CatGunner_Github/CatGunner_Cocos/assets/Scripts/Game/GameController.ts as file:///Users/ADMIN/Desktop/CatGunner_Github/CatGunner_Cocos/assets/Scripts/Game/GameModel.ts.
debug: Inspect file:///Users/ADMIN/Desktop/CatGunner_Github/CatGunner_Cocos/assets/Scripts/Game/GameModel.ts
debug: Resolve cc from file:///Users/ADMIN/Desktop/CatGunner_Github/CatGunner_Cocos/assets/Scripts/Game/GameModel.ts as cce:/internal/x/cc.
debug: Resolve cc from file:///Users/ADMIN/Desktop/CatGunner_Github/CatGunner_Cocos/assets/Scripts/Game/GameModel.ts as cce:/internal/x/cc.
debug: Resolve cc from file:///Users/ADMIN/Desktop/CatGunner_Github/CatGunner_Cocos/assets/Scripts/Game/GameModel.ts as cce:/internal/x/cc.
debug: Resolve ./GameView from file:///Users/ADMIN/Desktop/CatGunner_Github/CatGunner_Cocos/assets/Scripts/Game/GameController.ts as file:///Users/ADMIN/Desktop/CatGunner_Github/CatGunner_Cocos/assets/Scripts/Game/GameView.ts.
debug: Inspect file:///Users/ADMIN/Desktop/CatGunner_Github/CatGunner_Cocos/assets/Scripts/Game/GameView.ts
debug: Resolve cc from file:///Users/ADMIN/Desktop/CatGunner_Github/CatGunner_Cocos/assets/Scripts/Game/GameView.ts as cce:/internal/x/cc.
debug: Resolve cc from file:///Users/ADMIN/Desktop/CatGunner_Github/CatGunner_Cocos/assets/Scripts/Game/GameView.ts as cce:/internal/x/cc.
debug: Resolve cc from file:///Users/ADMIN/Desktop/CatGunner_Github/CatGunner_Cocos/assets/Scripts/Game/GameView.ts as cce:/internal/x/cc.
debug: Resolve ./PoolObject from file:///Users/ADMIN/Desktop/CatGunner_Github/CatGunner_Cocos/assets/Scripts/Game/GameController.ts as file:///Users/ADMIN/Desktop/CatGunner_Github/CatGunner_Cocos/assets/Scripts/Game/PoolObject.ts.
debug: Inspect file:///Users/ADMIN/Desktop/CatGunner_Github/CatGunner_Cocos/assets/Scripts/Game/PoolObject.ts
debug: Resolve cc from file:///Users/ADMIN/Desktop/CatGunner_Github/CatGunner_Cocos/assets/Scripts/Game/PoolObject.ts as cce:/internal/x/cc.
debug: Resolve cc from file:///Users/ADMIN/Desktop/CatGunner_Github/CatGunner_Cocos/assets/Scripts/Game/PoolObject.ts as cce:/internal/x/cc.
debug: Resolve cc from file:///Users/ADMIN/Desktop/CatGunner_Github/CatGunner_Cocos/assets/Scripts/Game/PoolObject.ts as cce:/internal/x/cc.
debug: Resolve ../DataGame/Constants from file:///Users/ADMIN/Desktop/CatGunner_Github/CatGunner_Cocos/assets/Scripts/Game/GameController.ts as file:///Users/ADMIN/Desktop/CatGunner_Github/CatGunner_Cocos/assets/Scripts/DataGame/Constants.ts.
debug: Resolve ./EnemyController from file:///Users/ADMIN/Desktop/CatGunner_Github/CatGunner_Cocos/assets/Scripts/Game/GameController.ts as file:///Users/ADMIN/Desktop/CatGunner_Github/CatGunner_Cocos/assets/Scripts/Game/EnemyController.ts.
debug: Resolve ./BulletController from file:///Users/ADMIN/Desktop/CatGunner_Github/CatGunner_Cocos/assets/Scripts/Game/GameController.ts as file:///Users/ADMIN/Desktop/CatGunner_Github/CatGunner_Cocos/assets/Scripts/Game/BulletController.ts.
debug: Resolve ./PlayerController from file:///Users/ADMIN/Desktop/CatGunner_Github/CatGunner_Cocos/assets/Scripts/Game/GameController.ts as file:///Users/ADMIN/Desktop/CatGunner_Github/CatGunner_Cocos/assets/Scripts/Game/PlayerController.ts.
debug: Inspect file:///Users/ADMIN/Desktop/CatGunner_Github/CatGunner_Cocos/assets/Scripts/Game/PlayerController.ts
debug: Resolve cc from file:///Users/ADMIN/Desktop/CatGunner_Github/CatGunner_Cocos/assets/Scripts/Game/PlayerController.ts as cce:/internal/x/cc.
debug: Resolve cc from file:///Users/ADMIN/Desktop/CatGunner_Github/CatGunner_Cocos/assets/Scripts/Game/PlayerController.ts as cce:/internal/x/cc.
debug: Resolve cc from file:///Users/ADMIN/Desktop/CatGunner_Github/CatGunner_Cocos/assets/Scripts/Game/PlayerController.ts as cce:/internal/x/cc.
debug: Resolve ../Loading/LoadingController from file:///Users/ADMIN/Desktop/CatGunner_Github/CatGunner_Cocos/assets/Scripts/Game/GameController.ts as file:///Users/ADMIN/Desktop/CatGunner_Github/CatGunner_Cocos/assets/Scripts/Loading/LoadingController.ts.
debug: Inspect file:///Users/ADMIN/Desktop/CatGunner_Github/CatGunner_Cocos/assets/Scripts/Loading/LoadingController.ts
debug: Resolve cce:/internal/code-quality/cr.mjs from file:///Users/ADMIN/Desktop/CatGunner_Github/CatGunner_Cocos/assets/Scripts/Loading/LoadingController.ts as cce:/internal/code-quality/cr.mjs.
debug: Resolve cc from file:///Users/ADMIN/Desktop/CatGunner_Github/CatGunner_Cocos/assets/Scripts/Loading/LoadingController.ts as cce:/internal/x/cc.
debug: Resolve cc from file:///Users/ADMIN/Desktop/CatGunner_Github/CatGunner_Cocos/assets/Scripts/Loading/LoadingController.ts as cce:/internal/x/cc.
debug: Resolve cc from file:///Users/ADMIN/Desktop/CatGunner_Github/CatGunner_Cocos/assets/Scripts/Loading/LoadingController.ts as cce:/internal/x/cc.
debug: Resolve ../DataGame/Constants from file:///Users/ADMIN/Desktop/CatGunner_Github/CatGunner_Cocos/assets/Scripts/Loading/LoadingController.ts as file:///Users/ADMIN/Desktop/CatGunner_Github/CatGunner_Cocos/assets/Scripts/DataGame/Constants.ts.
debug: Resolve ./BulletEnemyController from file:///Users/ADMIN/Desktop/CatGunner_Github/CatGunner_Cocos/assets/Scripts/Game/GameController.ts as file:///Users/ADMIN/Desktop/CatGunner_Github/CatGunner_Cocos/assets/Scripts/Game/BulletEnemyController.ts.
debug: Resolve ./BossController from file:///Users/ADMIN/Desktop/CatGunner_Github/CatGunner_Cocos/assets/Scripts/Game/GameController.ts as file:///Users/ADMIN/Desktop/CatGunner_Github/CatGunner_Cocos/assets/Scripts/Game/BossController.ts.
debug: Resolve ./BulletBossController from file:///Users/ADMIN/Desktop/CatGunner_Github/CatGunner_Cocos/assets/Scripts/Game/GameController.ts as file:///Users/ADMIN/Desktop/CatGunner_Github/CatGunner_Cocos/assets/Scripts/Game/BulletBossController.ts.
debug: Resolve ./HostageController from file:///Users/ADMIN/Desktop/CatGunner_Github/CatGunner_Cocos/assets/Scripts/Game/GameController.ts as file:///Users/ADMIN/Desktop/CatGunner_Github/CatGunner_Cocos/assets/Scripts/Game/HostageController.ts.
debug: Inspect file:///Users/ADMIN/Desktop/CatGunner_Github/CatGunner_Cocos/assets/Scripts/Game/HostageController.ts
debug: Resolve cc from file:///Users/ADMIN/Desktop/CatGunner_Github/CatGunner_Cocos/assets/Scripts/Game/HostageController.ts as cce:/internal/x/cc.
debug: Resolve cc from file:///Users/ADMIN/Desktop/CatGunner_Github/CatGunner_Cocos/assets/Scripts/Game/HostageController.ts as cce:/internal/x/cc.
debug: Resolve cc from file:///Users/ADMIN/Desktop/CatGunner_Github/CatGunner_Cocos/assets/Scripts/Game/HostageController.ts as cce:/internal/x/cc.
debug: Resolve ../GameCenter/StoreAPI from file:///Users/ADMIN/Desktop/CatGunner_Github/CatGunner_Cocos/assets/Scripts/Game/GameController.ts as file:///Users/ADMIN/Desktop/CatGunner_Github/CatGunner_Cocos/assets/Scripts/GameCenter/StoreAPI.ts.
debug: Inspect file:///Users/ADMIN/Desktop/CatGunner_Github/CatGunner_Cocos/assets/Scripts/GameCenter/StoreAPI.ts
debug: Resolve cc from file:///Users/ADMIN/Desktop/CatGunner_Github/CatGunner_Cocos/assets/Scripts/GameCenter/StoreAPI.ts as cce:/internal/x/cc.
debug: Resolve cc from file:///Users/ADMIN/Desktop/CatGunner_Github/CatGunner_Cocos/assets/Scripts/GameCenter/StoreAPI.ts as cce:/internal/x/cc.
debug: Resolve cc from file:///Users/ADMIN/Desktop/CatGunner_Github/CatGunner_Cocos/assets/Scripts/GameCenter/StoreAPI.ts as cce:/internal/x/cc.
debug: Resolve ../GameCenter/DataUser from file:///Users/ADMIN/Desktop/CatGunner_Github/CatGunner_Cocos/assets/Scripts/Game/GameController.ts as file:///Users/ADMIN/Desktop/CatGunner_Github/CatGunner_Cocos/assets/Scripts/GameCenter/DataUser.ts.
debug: Inspect file:///Users/ADMIN/Desktop/CatGunner_Github/CatGunner_Cocos/assets/Scripts/GameCenter/DataUser.ts
debug: Resolve cc from file:///Users/ADMIN/Desktop/CatGunner_Github/CatGunner_Cocos/assets/Scripts/GameCenter/DataUser.ts as cce:/internal/x/cc.
debug: Resolve cc from file:///Users/ADMIN/Desktop/CatGunner_Github/CatGunner_Cocos/assets/Scripts/GameCenter/DataUser.ts as cce:/internal/x/cc.
debug: Resolve cc from file:///Users/ADMIN/Desktop/CatGunner_Github/CatGunner_Cocos/assets/Scripts/GameCenter/DataUser.ts as cce:/internal/x/cc.
debug: Resolve ./ObstacleController from file:///Users/ADMIN/Desktop/CatGunner_Github/CatGunner_Cocos/assets/Scripts/Game/GameController.ts as file:///Users/ADMIN/Desktop/CatGunner_Github/CatGunner_Cocos/assets/Scripts/Game/ObstacleController.ts.
debug: Inspect file:///Users/ADMIN/Desktop/CatGunner_Github/CatGunner_Cocos/assets/Scripts/Game/ObstacleController.ts
debug: Resolve cc from file:///Users/ADMIN/Desktop/CatGunner_Github/CatGunner_Cocos/assets/Scripts/Game/ObstacleController.ts as cce:/internal/x/cc.
debug: Resolve cc from file:///Users/ADMIN/Desktop/CatGunner_Github/CatGunner_Cocos/assets/Scripts/Game/ObstacleController.ts as cce:/internal/x/cc.
debug: Resolve cc from file:///Users/ADMIN/Desktop/CatGunner_Github/CatGunner_Cocos/assets/Scripts/Game/ObstacleController.ts as cce:/internal/x/cc.
debug: Resolve ./SpikeController from file:///Users/ADMIN/Desktop/CatGunner_Github/CatGunner_Cocos/assets/Scripts/Game/GameController.ts as file:///Users/ADMIN/Desktop/CatGunner_Github/CatGunner_Cocos/assets/Scripts/Game/SpikeController.ts.
debug: Inspect file:///Users/ADMIN/Desktop/CatGunner_Github/CatGunner_Cocos/assets/Scripts/Game/SpikeController.ts
debug: Resolve cc from file:///Users/ADMIN/Desktop/CatGunner_Github/CatGunner_Cocos/assets/Scripts/Game/SpikeController.ts as cce:/internal/x/cc.
debug: Resolve cc from file:///Users/ADMIN/Desktop/CatGunner_Github/CatGunner_Cocos/assets/Scripts/Game/SpikeController.ts as cce:/internal/x/cc.
debug: Resolve cc from file:///Users/ADMIN/Desktop/CatGunner_Github/CatGunner_Cocos/assets/Scripts/Game/SpikeController.ts as cce:/internal/x/cc.
debug: Resolve file:///Users/ADMIN/Desktop/CatGunner_Github/CatGunner_Cocos/assets/Scripts/Game/GameModel.ts from cce:/internal/x/prerequisite-imports as file:///Users/ADMIN/Desktop/CatGunner_Github/CatGunner_Cocos/assets/Scripts/Game/GameModel.ts.
debug: Resolve file:///Users/ADMIN/Desktop/CatGunner_Github/CatGunner_Cocos/assets/Scripts/Game/GameView.ts from cce:/internal/x/prerequisite-imports as file:///Users/ADMIN/Desktop/CatGunner_Github/CatGunner_Cocos/assets/Scripts/Game/GameView.ts.
debug: Resolve file:///Users/ADMIN/Desktop/CatGunner_Github/CatGunner_Cocos/assets/Scripts/Game/HostageController.ts from cce:/internal/x/prerequisite-imports as file:///Users/ADMIN/Desktop/CatGunner_Github/CatGunner_Cocos/assets/Scripts/Game/HostageController.ts.
debug: Resolve file:///Users/ADMIN/Desktop/CatGunner_Github/CatGunner_Cocos/assets/Scripts/Game/JoystickController.ts from cce:/internal/x/prerequisite-imports as file:///Users/ADMIN/Desktop/CatGunner_Github/CatGunner_Cocos/assets/Scripts/Game/JoystickController.ts.
debug: Inspect file:///Users/ADMIN/Desktop/CatGunner_Github/CatGunner_Cocos/assets/Scripts/Game/JoystickController.ts
debug: Resolve cce:/internal/code-quality/cr.mjs from file:///Users/ADMIN/Desktop/CatGunner_Github/CatGunner_Cocos/assets/Scripts/Game/JoystickController.ts as cce:/internal/code-quality/cr.mjs.
debug: Resolve cc from file:///Users/ADMIN/Desktop/CatGunner_Github/CatGunner_Cocos/assets/Scripts/Game/JoystickController.ts as cce:/internal/x/cc.
debug: Resolve cc from file:///Users/ADMIN/Desktop/CatGunner_Github/CatGunner_Cocos/assets/Scripts/Game/JoystickController.ts as cce:/internal/x/cc.
debug: Resolve cc from file:///Users/ADMIN/Desktop/CatGunner_Github/CatGunner_Cocos/assets/Scripts/Game/JoystickController.ts as cce:/internal/x/cc.
debug: Resolve ./PlayerController from file:///Users/ADMIN/Desktop/CatGunner_Github/CatGunner_Cocos/assets/Scripts/Game/JoystickController.ts as file:///Users/ADMIN/Desktop/CatGunner_Github/CatGunner_Cocos/assets/Scripts/Game/PlayerController.ts.
debug: Resolve file:///Users/ADMIN/Desktop/CatGunner_Github/CatGunner_Cocos/assets/Scripts/Game/ObstacleController.ts from cce:/internal/x/prerequisite-imports as file:///Users/ADMIN/Desktop/CatGunner_Github/CatGunner_Cocos/assets/Scripts/Game/ObstacleController.ts.
debug: Resolve file:///Users/ADMIN/Desktop/CatGunner_Github/CatGunner_Cocos/assets/Scripts/Game/PlayerController.ts from cce:/internal/x/prerequisite-imports as file:///Users/ADMIN/Desktop/CatGunner_Github/CatGunner_Cocos/assets/Scripts/Game/PlayerController.ts.
debug: Resolve file:///Users/ADMIN/Desktop/CatGunner_Github/CatGunner_Cocos/assets/Scripts/Game/PoolObject.ts from cce:/internal/x/prerequisite-imports as file:///Users/ADMIN/Desktop/CatGunner_Github/CatGunner_Cocos/assets/Scripts/Game/PoolObject.ts.
debug: Resolve file:///Users/ADMIN/Desktop/CatGunner_Github/CatGunner_Cocos/assets/Scripts/Game/SpikeController.ts from cce:/internal/x/prerequisite-imports as file:///Users/ADMIN/Desktop/CatGunner_Github/CatGunner_Cocos/assets/Scripts/Game/SpikeController.ts.
debug: Resolve file:///Users/ADMIN/Desktop/CatGunner_Github/CatGunner_Cocos/assets/Scripts/GameCenter/DataUser.ts from cce:/internal/x/prerequisite-imports as file:///Users/ADMIN/Desktop/CatGunner_Github/CatGunner_Cocos/assets/Scripts/GameCenter/DataUser.ts.
debug: Resolve file:///Users/ADMIN/Desktop/CatGunner_Github/CatGunner_Cocos/assets/Scripts/GameCenter/StoreAPI.ts from cce:/internal/x/prerequisite-imports as file:///Users/ADMIN/Desktop/CatGunner_Github/CatGunner_Cocos/assets/Scripts/GameCenter/StoreAPI.ts.
debug: Resolve file:///Users/ADMIN/Desktop/CatGunner_Github/CatGunner_Cocos/assets/Scripts/Loading/LoadingController.ts from cce:/internal/x/prerequisite-imports as file:///Users/ADMIN/Desktop/CatGunner_Github/CatGunner_Cocos/assets/Scripts/Loading/LoadingController.ts.
debug: Resolve file:///Users/ADMIN/Desktop/CatGunner_Github/CatGunner_Cocos/assets/Scripts/Menu/MenuController.ts from cce:/internal/x/prerequisite-imports as file:///Users/ADMIN/Desktop/CatGunner_Github/CatGunner_Cocos/assets/Scripts/Menu/MenuController.ts.
debug: Inspect file:///Users/ADMIN/Desktop/CatGunner_Github/CatGunner_Cocos/assets/Scripts/Menu/MenuController.ts
debug: Resolve cce:/internal/code-quality/cr.mjs from file:///Users/ADMIN/Desktop/CatGunner_Github/CatGunner_Cocos/assets/Scripts/Menu/MenuController.ts as cce:/internal/code-quality/cr.mjs.
debug: Resolve cc from file:///Users/ADMIN/Desktop/CatGunner_Github/CatGunner_Cocos/assets/Scripts/Menu/MenuController.ts as cce:/internal/x/cc.
debug: Resolve cc from file:///Users/ADMIN/Desktop/CatGunner_Github/CatGunner_Cocos/assets/Scripts/Menu/MenuController.ts as cce:/internal/x/cc.
debug: Resolve cc from file:///Users/ADMIN/Desktop/CatGunner_Github/CatGunner_Cocos/assets/Scripts/Menu/MenuController.ts as cce:/internal/x/cc.
debug: Resolve ./MenuModel from file:///Users/ADMIN/Desktop/CatGunner_Github/CatGunner_Cocos/assets/Scripts/Menu/MenuController.ts as file:///Users/ADMIN/Desktop/CatGunner_Github/CatGunner_Cocos/assets/Scripts/Menu/MenuModel.ts.
debug: Inspect file:///Users/ADMIN/Desktop/CatGunner_Github/CatGunner_Cocos/assets/Scripts/Menu/MenuModel.ts
debug: Resolve cc from file:///Users/ADMIN/Desktop/CatGunner_Github/CatGunner_Cocos/assets/Scripts/Menu/MenuModel.ts as cce:/internal/x/cc.
debug: Resolve cc from file:///Users/ADMIN/Desktop/CatGunner_Github/CatGunner_Cocos/assets/Scripts/Menu/MenuModel.ts as cce:/internal/x/cc.
debug: Resolve cc from file:///Users/ADMIN/Desktop/CatGunner_Github/CatGunner_Cocos/assets/Scripts/Menu/MenuModel.ts as cce:/internal/x/cc.
debug: Resolve ./MenuView from file:///Users/ADMIN/Desktop/CatGunner_Github/CatGunner_Cocos/assets/Scripts/Menu/MenuController.ts as file:///Users/ADMIN/Desktop/CatGunner_Github/CatGunner_Cocos/assets/Scripts/Menu/MenuView.ts.
debug: Inspect file:///Users/ADMIN/Desktop/CatGunner_Github/CatGunner_Cocos/assets/Scripts/Menu/MenuView.ts
debug: Resolve cc from file:///Users/ADMIN/Desktop/CatGunner_Github/CatGunner_Cocos/assets/Scripts/Menu/MenuView.ts as cce:/internal/x/cc.
debug: Resolve cc from file:///Users/ADMIN/Desktop/CatGunner_Github/CatGunner_Cocos/assets/Scripts/Menu/MenuView.ts as cce:/internal/x/cc.
debug: Resolve cc from file:///Users/ADMIN/Desktop/CatGunner_Github/CatGunner_Cocos/assets/Scripts/Menu/MenuView.ts as cce:/internal/x/cc.
debug: Resolve ../DataGame/Constants from file:///Users/ADMIN/Desktop/CatGunner_Github/CatGunner_Cocos/assets/Scripts/Menu/MenuController.ts as file:///Users/ADMIN/Desktop/CatGunner_Github/CatGunner_Cocos/assets/Scripts/DataGame/Constants.ts.
debug: Resolve ../Loading/LoadingController from file:///Users/ADMIN/Desktop/CatGunner_Github/CatGunner_Cocos/assets/Scripts/Menu/MenuController.ts as file:///Users/ADMIN/Desktop/CatGunner_Github/CatGunner_Cocos/assets/Scripts/Loading/LoadingController.ts.
debug: Resolve ../GameCenter/DataUser from file:///Users/ADMIN/Desktop/CatGunner_Github/CatGunner_Cocos/assets/Scripts/Menu/MenuController.ts as file:///Users/ADMIN/Desktop/CatGunner_Github/CatGunner_Cocos/assets/Scripts/GameCenter/DataUser.ts.
debug: Resolve file:///Users/ADMIN/Desktop/CatGunner_Github/CatGunner_Cocos/assets/Scripts/Menu/MenuModel.ts from cce:/internal/x/prerequisite-imports as file:///Users/ADMIN/Desktop/CatGunner_Github/CatGunner_Cocos/assets/Scripts/Menu/MenuModel.ts.
debug: Resolve file:///Users/ADMIN/Desktop/CatGunner_Github/CatGunner_Cocos/assets/Scripts/Menu/MenuView.ts from cce:/internal/x/prerequisite-imports as file:///Users/ADMIN/Desktop/CatGunner_Github/CatGunner_Cocos/assets/Scripts/Menu/MenuView.ts.
debug: Resolve file:///Users/ADMIN/Desktop/CatGunner_Github/CatGunner_Cocos/assets/Scripts/Splash/SplashController.ts from cce:/internal/x/prerequisite-imports as file:///Users/ADMIN/Desktop/CatGunner_Github/CatGunner_Cocos/assets/Scripts/Splash/SplashController.ts.
debug: Inspect file:///Users/ADMIN/Desktop/CatGunner_Github/CatGunner_Cocos/assets/Scripts/Splash/SplashController.ts
debug: Resolve cce:/internal/code-quality/cr.mjs from file:///Users/ADMIN/Desktop/CatGunner_Github/CatGunner_Cocos/assets/Scripts/Splash/SplashController.ts as cce:/internal/code-quality/cr.mjs.
debug: Resolve cc from file:///Users/ADMIN/Desktop/CatGunner_Github/CatGunner_Cocos/assets/Scripts/Splash/SplashController.ts as cce:/internal/x/cc.
debug: Resolve cc from file:///Users/ADMIN/Desktop/CatGunner_Github/CatGunner_Cocos/assets/Scripts/Splash/SplashController.ts as cce:/internal/x/cc.
debug: Resolve cc from file:///Users/ADMIN/Desktop/CatGunner_Github/CatGunner_Cocos/assets/Scripts/Splash/SplashController.ts as cce:/internal/x/cc.
debug: Resolve ../DataGame/Constants from file:///Users/ADMIN/Desktop/CatGunner_Github/CatGunner_Cocos/assets/Scripts/Splash/SplashController.ts as file:///Users/ADMIN/Desktop/CatGunner_Github/CatGunner_Cocos/assets/Scripts/DataGame/Constants.ts.
debug: Target(preview) ends with cost 555.1526250001043ms.
debug: Pulling asset-db.
debug: Fetch asset-db cost: 852.3106249999255ms.
debug: Build iteration starts.
Number of accumulated asset changes: 23
Feature changed: false
debug: Target(editor) build started.
debug: Detected change: cce:/internal/x/prerequisite-imports. Last mtime: Wed Dec 31 1969 16:00:05 GMT-0800 (Pacific Standard Time), Current mtime: Wed Dec 31 1969 16:00:10 GMT-0800 (Pacific Standard Time)
debug: Inspect cce:/internal/x/prerequisite-imports
debug: Resolve file:///Applications/Cocos/Creator/3.7.4/CocosCreator.app/Contents/Resources/resources/3d/engine/editor/assets/tools/debug-view-runtime-control.ts from cce:/internal/x/prerequisite-imports as file:///Applications/Cocos/Creator/3.7.4/CocosCreator.app/Contents/Resources/resources/3d/engine/editor/assets/tools/debug-view-runtime-control.ts.
debug: Resolve file:///Users/ADMIN/Desktop/CatGunner_Github/CatGunner_Cocos/assets/Scripts/DataGame/Constants.ts from cce:/internal/x/prerequisite-imports as file:///Users/ADMIN/Desktop/CatGunner_Github/CatGunner_Cocos/assets/Scripts/DataGame/Constants.ts.
debug: Resolve file:///Users/ADMIN/Desktop/CatGunner_Github/CatGunner_Cocos/assets/Scripts/Game/BossController.ts from cce:/internal/x/prerequisite-imports as file:///Users/ADMIN/Desktop/CatGunner_Github/CatGunner_Cocos/assets/Scripts/Game/BossController.ts.
debug: Resolve file:///Users/ADMIN/Desktop/CatGunner_Github/CatGunner_Cocos/assets/Scripts/Game/BulletBossController.ts from cce:/internal/x/prerequisite-imports as file:///Users/ADMIN/Desktop/CatGunner_Github/CatGunner_Cocos/assets/Scripts/Game/BulletBossController.ts.
debug: Resolve file:///Users/ADMIN/Desktop/CatGunner_Github/CatGunner_Cocos/assets/Scripts/Game/BulletController.ts from cce:/internal/x/prerequisite-imports as file:///Users/ADMIN/Desktop/CatGunner_Github/CatGunner_Cocos/assets/Scripts/Game/BulletController.ts.
debug: Resolve file:///Users/ADMIN/Desktop/CatGunner_Github/CatGunner_Cocos/assets/Scripts/Game/BulletEnemyController.ts from cce:/internal/x/prerequisite-imports as file:///Users/ADMIN/Desktop/CatGunner_Github/CatGunner_Cocos/assets/Scripts/Game/BulletEnemyController.ts.
debug: Resolve file:///Users/ADMIN/Desktop/CatGunner_Github/CatGunner_Cocos/assets/Scripts/Game/EnemyController.ts from cce:/internal/x/prerequisite-imports as file:///Users/ADMIN/Desktop/CatGunner_Github/CatGunner_Cocos/assets/Scripts/Game/EnemyController.ts.
debug: Resolve file:///Users/ADMIN/Desktop/CatGunner_Github/CatGunner_Cocos/assets/Scripts/Game/GameController.ts from cce:/internal/x/prerequisite-imports as file:///Users/ADMIN/Desktop/CatGunner_Github/CatGunner_Cocos/assets/Scripts/Game/GameController.ts.
debug: Resolve file:///Users/ADMIN/Desktop/CatGunner_Github/CatGunner_Cocos/assets/Scripts/Game/GameModel.ts from cce:/internal/x/prerequisite-imports as file:///Users/ADMIN/Desktop/CatGunner_Github/CatGunner_Cocos/assets/Scripts/Game/GameModel.ts.
debug: Resolve file:///Users/ADMIN/Desktop/CatGunner_Github/CatGunner_Cocos/assets/Scripts/Game/GameView.ts from cce:/internal/x/prerequisite-imports as file:///Users/ADMIN/Desktop/CatGunner_Github/CatGunner_Cocos/assets/Scripts/Game/GameView.ts.
debug: Resolve file:///Users/ADMIN/Desktop/CatGunner_Github/CatGunner_Cocos/assets/Scripts/Game/HostageController.ts from cce:/internal/x/prerequisite-imports as file:///Users/ADMIN/Desktop/CatGunner_Github/CatGunner_Cocos/assets/Scripts/Game/HostageController.ts.
debug: Resolve file:///Users/ADMIN/Desktop/CatGunner_Github/CatGunner_Cocos/assets/Scripts/Game/JoystickController.ts from cce:/internal/x/prerequisite-imports as file:///Users/ADMIN/Desktop/CatGunner_Github/CatGunner_Cocos/assets/Scripts/Game/JoystickController.ts.
debug: Resolve file:///Users/ADMIN/Desktop/CatGunner_Github/CatGunner_Cocos/assets/Scripts/Game/ObstacleController.ts from cce:/internal/x/prerequisite-imports as file:///Users/ADMIN/Desktop/CatGunner_Github/CatGunner_Cocos/assets/Scripts/Game/ObstacleController.ts.
debug: Resolve file:///Users/ADMIN/Desktop/CatGunner_Github/CatGunner_Cocos/assets/Scripts/Game/PlayerController.ts from cce:/internal/x/prerequisite-imports as file:///Users/ADMIN/Desktop/CatGunner_Github/CatGunner_Cocos/assets/Scripts/Game/PlayerController.ts.
debug: Resolve file:///Users/ADMIN/Desktop/CatGunner_Github/CatGunner_Cocos/assets/Scripts/Game/PoolObject.ts from cce:/internal/x/prerequisite-imports as file:///Users/ADMIN/Desktop/CatGunner_Github/CatGunner_Cocos/assets/Scripts/Game/PoolObject.ts.
debug: Resolve file:///Users/ADMIN/Desktop/CatGunner_Github/CatGunner_Cocos/assets/Scripts/Game/SpikeController.ts from cce:/internal/x/prerequisite-imports as file:///Users/ADMIN/Desktop/CatGunner_Github/CatGunner_Cocos/assets/Scripts/Game/SpikeController.ts.
debug: Resolve file:///Users/ADMIN/Desktop/CatGunner_Github/CatGunner_Cocos/assets/Scripts/GameCenter/DataUser.ts from cce:/internal/x/prerequisite-imports as file:///Users/ADMIN/Desktop/CatGunner_Github/CatGunner_Cocos/assets/Scripts/GameCenter/DataUser.ts.
debug: Resolve file:///Users/ADMIN/Desktop/CatGunner_Github/CatGunner_Cocos/assets/Scripts/GameCenter/StoreAPI.ts from cce:/internal/x/prerequisite-imports as file:///Users/ADMIN/Desktop/CatGunner_Github/CatGunner_Cocos/assets/Scripts/GameCenter/StoreAPI.ts.
debug: Resolve file:///Users/ADMIN/Desktop/CatGunner_Github/CatGunner_Cocos/assets/Scripts/Loading/LoadingController.ts from cce:/internal/x/prerequisite-imports as file:///Users/ADMIN/Desktop/CatGunner_Github/CatGunner_Cocos/assets/Scripts/Loading/LoadingController.ts.
debug: Resolve file:///Users/ADMIN/Desktop/CatGunner_Github/CatGunner_Cocos/assets/Scripts/Menu/MenuController.ts from cce:/internal/x/prerequisite-imports as file:///Users/ADMIN/Desktop/CatGunner_Github/CatGunner_Cocos/assets/Scripts/Menu/MenuController.ts.
debug: Resolve file:///Users/ADMIN/Desktop/CatGunner_Github/CatGunner_Cocos/assets/Scripts/Menu/MenuModel.ts from cce:/internal/x/prerequisite-imports as file:///Users/ADMIN/Desktop/CatGunner_Github/CatGunner_Cocos/assets/Scripts/Menu/MenuModel.ts.
debug: Resolve file:///Users/ADMIN/Desktop/CatGunner_Github/CatGunner_Cocos/assets/Scripts/Menu/MenuView.ts from cce:/internal/x/prerequisite-imports as file:///Users/ADMIN/Desktop/CatGunner_Github/CatGunner_Cocos/assets/Scripts/Menu/MenuView.ts.
debug: Resolve file:///Users/ADMIN/Desktop/CatGunner_Github/CatGunner_Cocos/assets/Scripts/Splash/SplashController.ts from cce:/internal/x/prerequisite-imports as file:///Users/ADMIN/Desktop/CatGunner_Github/CatGunner_Cocos/assets/Scripts/Splash/SplashController.ts.
debug: Target(editor) ends with cost 57.975166000425816ms.
debug: Target(preview) build started.
debug: Detected change: cce:/internal/x/prerequisite-imports. Last mtime: Wed Dec 31 1969 16:00:05 GMT-0800 (Pacific Standard Time), Current mtime: Wed Dec 31 1969 16:00:10 GMT-0800 (Pacific Standard Time)
debug: Inspect cce:/internal/x/prerequisite-imports
debug: Resolve file:///Applications/Cocos/Creator/3.7.4/CocosCreator.app/Contents/Resources/resources/3d/engine/editor/assets/tools/debug-view-runtime-control.ts from cce:/internal/x/prerequisite-imports as file:///Applications/Cocos/Creator/3.7.4/CocosCreator.app/Contents/Resources/resources/3d/engine/editor/assets/tools/debug-view-runtime-control.ts.
debug: Resolve file:///Users/ADMIN/Desktop/CatGunner_Github/CatGunner_Cocos/assets/Scripts/DataGame/Constants.ts from cce:/internal/x/prerequisite-imports as file:///Users/ADMIN/Desktop/CatGunner_Github/CatGunner_Cocos/assets/Scripts/DataGame/Constants.ts.
debug: Resolve file:///Users/ADMIN/Desktop/CatGunner_Github/CatGunner_Cocos/assets/Scripts/Game/BossController.ts from cce:/internal/x/prerequisite-imports as file:///Users/ADMIN/Desktop/CatGunner_Github/CatGunner_Cocos/assets/Scripts/Game/BossController.ts.
debug: Resolve file:///Users/ADMIN/Desktop/CatGunner_Github/CatGunner_Cocos/assets/Scripts/Game/BulletBossController.ts from cce:/internal/x/prerequisite-imports as file:///Users/ADMIN/Desktop/CatGunner_Github/CatGunner_Cocos/assets/Scripts/Game/BulletBossController.ts.
debug: Resolve file:///Users/ADMIN/Desktop/CatGunner_Github/CatGunner_Cocos/assets/Scripts/Game/BulletController.ts from cce:/internal/x/prerequisite-imports as file:///Users/ADMIN/Desktop/CatGunner_Github/CatGunner_Cocos/assets/Scripts/Game/BulletController.ts.
debug: Resolve file:///Users/ADMIN/Desktop/CatGunner_Github/CatGunner_Cocos/assets/Scripts/Game/BulletEnemyController.ts from cce:/internal/x/prerequisite-imports as file:///Users/ADMIN/Desktop/CatGunner_Github/CatGunner_Cocos/assets/Scripts/Game/BulletEnemyController.ts.
debug: Resolve file:///Users/ADMIN/Desktop/CatGunner_Github/CatGunner_Cocos/assets/Scripts/Game/EnemyController.ts from cce:/internal/x/prerequisite-imports as file:///Users/ADMIN/Desktop/CatGunner_Github/CatGunner_Cocos/assets/Scripts/Game/EnemyController.ts.
debug: Resolve file:///Users/ADMIN/Desktop/CatGunner_Github/CatGunner_Cocos/assets/Scripts/Game/GameController.ts from cce:/internal/x/prerequisite-imports as file:///Users/ADMIN/Desktop/CatGunner_Github/CatGunner_Cocos/assets/Scripts/Game/GameController.ts.
debug: Resolve file:///Users/ADMIN/Desktop/CatGunner_Github/CatGunner_Cocos/assets/Scripts/Game/GameModel.ts from cce:/internal/x/prerequisite-imports as file:///Users/ADMIN/Desktop/CatGunner_Github/CatGunner_Cocos/assets/Scripts/Game/GameModel.ts.
debug: Resolve file:///Users/ADMIN/Desktop/CatGunner_Github/CatGunner_Cocos/assets/Scripts/Game/GameView.ts from cce:/internal/x/prerequisite-imports as file:///Users/ADMIN/Desktop/CatGunner_Github/CatGunner_Cocos/assets/Scripts/Game/GameView.ts.
debug: Resolve file:///Users/ADMIN/Desktop/CatGunner_Github/CatGunner_Cocos/assets/Scripts/Game/HostageController.ts from cce:/internal/x/prerequisite-imports as file:///Users/ADMIN/Desktop/CatGunner_Github/CatGunner_Cocos/assets/Scripts/Game/HostageController.ts.
debug: Resolve file:///Users/ADMIN/Desktop/CatGunner_Github/CatGunner_Cocos/assets/Scripts/Game/JoystickController.ts from cce:/internal/x/prerequisite-imports as file:///Users/ADMIN/Desktop/CatGunner_Github/CatGunner_Cocos/assets/Scripts/Game/JoystickController.ts.
debug: Resolve file:///Users/ADMIN/Desktop/CatGunner_Github/CatGunner_Cocos/assets/Scripts/Game/ObstacleController.ts from cce:/internal/x/prerequisite-imports as file:///Users/ADMIN/Desktop/CatGunner_Github/CatGunner_Cocos/assets/Scripts/Game/ObstacleController.ts.
debug: Resolve file:///Users/ADMIN/Desktop/CatGunner_Github/CatGunner_Cocos/assets/Scripts/Game/PlayerController.ts from cce:/internal/x/prerequisite-imports as file:///Users/ADMIN/Desktop/CatGunner_Github/CatGunner_Cocos/assets/Scripts/Game/PlayerController.ts.
debug: Resolve file:///Users/ADMIN/Desktop/CatGunner_Github/CatGunner_Cocos/assets/Scripts/Game/PoolObject.ts from cce:/internal/x/prerequisite-imports as file:///Users/ADMIN/Desktop/CatGunner_Github/CatGunner_Cocos/assets/Scripts/Game/PoolObject.ts.
debug: Resolve file:///Users/ADMIN/Desktop/CatGunner_Github/CatGunner_Cocos/assets/Scripts/Game/SpikeController.ts from cce:/internal/x/prerequisite-imports as file:///Users/ADMIN/Desktop/CatGunner_Github/CatGunner_Cocos/assets/Scripts/Game/SpikeController.ts.
debug: Resolve file:///Users/ADMIN/Desktop/CatGunner_Github/CatGunner_Cocos/assets/Scripts/GameCenter/DataUser.ts from cce:/internal/x/prerequisite-imports as file:///Users/ADMIN/Desktop/CatGunner_Github/CatGunner_Cocos/assets/Scripts/GameCenter/DataUser.ts.
debug: Resolve file:///Users/ADMIN/Desktop/CatGunner_Github/CatGunner_Cocos/assets/Scripts/GameCenter/StoreAPI.ts from cce:/internal/x/prerequisite-imports as file:///Users/ADMIN/Desktop/CatGunner_Github/CatGunner_Cocos/assets/Scripts/GameCenter/StoreAPI.ts.
debug: Resolve file:///Users/ADMIN/Desktop/CatGunner_Github/CatGunner_Cocos/assets/Scripts/Loading/LoadingController.ts from cce:/internal/x/prerequisite-imports as file:///Users/ADMIN/Desktop/CatGunner_Github/CatGunner_Cocos/assets/Scripts/Loading/LoadingController.ts.
debug: Resolve file:///Users/ADMIN/Desktop/CatGunner_Github/CatGunner_Cocos/assets/Scripts/Menu/MenuController.ts from cce:/internal/x/prerequisite-imports as file:///Users/ADMIN/Desktop/CatGunner_Github/CatGunner_Cocos/assets/Scripts/Menu/MenuController.ts.
debug: Resolve file:///Users/ADMIN/Desktop/CatGunner_Github/CatGunner_Cocos/assets/Scripts/Menu/MenuModel.ts from cce:/internal/x/prerequisite-imports as file:///Users/ADMIN/Desktop/CatGunner_Github/CatGunner_Cocos/assets/Scripts/Menu/MenuModel.ts.
debug: Resolve file:///Users/ADMIN/Desktop/CatGunner_Github/CatGunner_Cocos/assets/Scripts/Menu/MenuView.ts from cce:/internal/x/prerequisite-imports as file:///Users/ADMIN/Desktop/CatGunner_Github/CatGunner_Cocos/assets/Scripts/Menu/MenuView.ts.
debug: Resolve file:///Users/ADMIN/Desktop/CatGunner_Github/CatGunner_Cocos/assets/Scripts/Splash/SplashController.ts from cce:/internal/x/prerequisite-imports as file:///Users/ADMIN/Desktop/CatGunner_Github/CatGunner_Cocos/assets/Scripts/Splash/SplashController.ts.
debug: Target(preview) ends with cost 15.283250000327826ms.
